<?xml version="1.0" encoding="UTF-8"?>
<!-- Generated by org.testng.reporters.JUnitXMLReporter -->
<testsuite hostname="LAPTOP-I5MPUN7Q" ignored="14" name="Test" tests="3" failures="0" timestamp="2022-03-30T21:43:31 IST" time="130.662" errors="0">
  <testcase name="endToEndTest" time="64.019" classname="com.mystore.testcases.EndToEndTest"/>
  <testcase name="verifyTotalPrice" time="16.813" classname="com.mystore.testcases.OrderPageTest"/>
  <testcase name="addToCart" time="10.919" classname="com.mystore.testcases.AddToCartTest"/>
  <testcase name="@BeforeTest loadConfig" time="0.0" classname="com.mystore.base.BaseClass">
    <ignored/>
  </testcase> <!-- @BeforeTest loadConfig -->
  <testcase name="@BeforeTest loadConfig" time="0.0" classname="com.mystore.base.BaseClass">
    <ignored/>
  </testcase> <!-- @BeforeTest loadConfig -->
  <testcase name="@BeforeTest loadConfig" time="0.0" classname="com.mystore.base.BaseClass">
    <ignored/>
  </testcase> <!-- @BeforeTest loadConfig -->
  <testcase name="@BeforeTest loadConfig" time="0.0" classname="com.mystore.base.BaseClass">
    <ignored/>
  </testcase> <!-- @BeforeTest loadConfig -->
  <testcase name="@BeforeTest loadConfig" time="0.0" classname="com.mystore.base.BaseClass">
    <ignored/>
  </testcase> <!-- @BeforeTest loadConfig -->
  <testcase name="@BeforeTest loadConfig" time="0.0" classname="com.mystore.base.BaseClass">
    <ignored/>
  </testcase> <!-- @BeforeTest loadConfig -->
  <testcase name="@BeforeTest loadConfig" time="0.0" classname="com.mystore.base.BaseClass">
    <ignored/>
  </testcase> <!-- @BeforeTest loadConfig -->
  <testcase name="verifyLogo" time="0.0" classname="com.mystore.testcases.IndexPageTest">
    <ignored/>
  </testcase> <!-- verifyLogo -->
  <testcase name="loginTest" time="0.0" classname="com.mystore.testcases.LoginPageTest">
    <ignored/>
  </testcase> <!-- loginTest -->
  <testcase name="orderHistoryTest" time="0.0" classname="com.mystore.testcases.HomePageTest">
    <ignored/>
  </testcase> <!-- orderHistoryTest -->
  <testcase name="verifyAccountPageTest" time="0.0" classname="com.mystore.testcases.AccountCreationPageTest">
    <ignored/>
  </testcase> <!-- verifyAccountPageTest -->
  <testcase name="verifyTitle" time="0.0" classname="com.mystore.testcases.IndexPageTest">
    <ignored/>
  </testcase> <!-- verifyTitle -->
  <testcase name="wishListTest" time="0.0" classname="com.mystore.testcases.HomePageTest">
    <ignored/>
  </testcase> <!-- wishListTest -->
  <testcase name="productAvalabiltyTest" time="0.0" classname="com.mystore.testcases.SearchResultPageTest">
    <ignored/>
  </testcase> <!-- productAvalabiltyTest -->
</testsuite> <!-- Test -->
