<?xml version="1.0" encoding="UTF-8"?>
<testng-results skipped="0" failed="0" ignored="0" total="1" passed="1">
  <reporter-output>
  </reporter-output>
  <suite name="Default suite" duration-ms="122534" started-at="2022-03-30T14:18:35 IST" finished-at="2022-03-30T14:20:38 IST">
    <groups>
    </groups>
    <test name="Default test" duration-ms="122534" started-at="2022-03-30T14:18:35 IST" finished-at="2022-03-30T14:20:38 IST">
      <class name="com.mystore.extentReport.EndToEndTest">
        <test-method status="PASS" signature="setUpExtentReport()[pri:0, instance:com.mystore.extentReport.EndToEndTest@1990a65e]" name="setUpExtentReport" is-config="true" duration-ms="72" started-at="2022-03-30T14:18:35 IST" finished-at="2022-03-30T14:18:35 IST">
          <reporter-output>
          </reporter-output>
        </test-method> <!-- setUpExtentReport -->
        <test-method status="PASS" signature="loadConfig()[pri:0, instance:com.mystore.extentReport.EndToEndTest@1990a65e]" name="loadConfig" is-config="true" duration-ms="1" started-at="2022-03-30T14:18:35 IST" finished-at="2022-03-30T14:18:35 IST">
          <reporter-output>
          </reporter-output>
        </test-method> <!-- loadConfig -->
        <test-method status="PASS" signature="setup()[pri:0, instance:com.mystore.extentReport.EndToEndTest@1990a65e]" name="setup" is-config="true" duration-ms="10988" started-at="2022-03-30T14:18:35 IST" finished-at="2022-03-30T14:18:46 IST">
          <reporter-output>
          </reporter-output>
        </test-method> <!-- setup -->
        <test-method status="PASS" signature="endToEndTest()[pri:0, instance:com.mystore.extentReport.EndToEndTest@1990a65e]" name="endToEndTest" duration-ms="110807" started-at="2022-03-30T14:18:46 IST" finished-at="2022-03-30T14:20:37 IST">
          <reporter-output>
          </reporter-output>
        </test-method> <!-- endToEndTest -->
        <test-method status="PASS" signature="tearDown()[pri:0, instance:com.mystore.extentReport.EndToEndTest@1990a65e]" name="tearDown" is-config="true" duration-ms="718" started-at="2022-03-30T14:20:37 IST" finished-at="2022-03-30T14:20:38 IST">
          <reporter-output>
          </reporter-output>
        </test-method> <!-- tearDown -->
        <test-method status="PASS" signature="flush()[pri:0, instance:com.mystore.extentReport.EndToEndTest@1990a65e]" name="flush" is-config="true" duration-ms="191" started-at="2022-03-30T14:20:38 IST" finished-at="2022-03-30T14:20:38 IST">
          <reporter-output>
          </reporter-output>
        </test-method> <!-- flush -->
      </class> <!-- com.mystore.extentReport.EndToEndTest -->
    </test> <!-- Default test -->
  </suite> <!-- Default suite -->
</testng-results>
